<?xml version="1.0" encoding="UTF-8"?>
<testsuite name="com.sampark.AndroidContactsRepositoryTest" tests="4" skipped="0" failures="0" errors="0" timestamp="2026-07-01T12:42:19.670Z" hostname="Nitins-MacBook-Pro.local" time="0.008">
  <properties/>
  <testcase name="whatsapp account type is excluded" classname="com.sampark.AndroidContactsRepositoryTest" time="0.005"/>
  <testcase name="google account type is not excluded" classname="com.sampark.AndroidContactsRepositoryTest" time="0.0"/>
  <testcase name="sim account type is excluded" classname="com.sampark.AndroidContactsRepositoryTest" time="0.0"/>
  <testcase name="null account type is not excluded" classname="com.sampark.AndroidContactsRepositoryTest" time="0.001"/>
  <system-out><![CDATA[]]></system-out>
  <system-err><![CDATA[]]></system-err>
</testsuite>
